mode: atomic
github.com/luk4z7/taskmanager/main.go:24.13,26.2 1 0
github.com/luk4z7/taskmanager/main.go:28.108,32.16 2 0
github.com/luk4z7/taskmanager/main.go:32.16,33.13 1 0
github.com/luk4z7/taskmanager/main.go:36.2,36.18 1 0
github.com/luk4z7/taskmanager/main.go:39.13,49.16 5 0
github.com/luk4z7/taskmanager/main.go:49.16,50.13 1 0
github.com/luk4z7/taskmanager/main.go:53.2,60.16 7 0
github.com/luk4z7/taskmanager/main.go:60.16,61.13 1 0
github.com/luk4z7/taskmanager/main.go:64.2,64.55 1 0
github.com/luk4z7/taskmanager/main.go:64.55,65.13 1 0
github.com/luk4z7/taskmanager/main.go:68.2,70.20 2 0
github.com/luk4z7/taskmanager/main.go:70.20,72.3 1 0
github.com/luk4z7/taskmanager/main.go:74.2,74.20 1 0
github.com/luk4z7/taskmanager/main.go:74.20,81.48 5 0
github.com/luk4z7/taskmanager/main.go:81.48,83.4 1 0
github.com/luk4z7/taskmanager/main.go:85.3,85.13 1 0
github.com/luk4z7/taskmanager/main.go:88.2,88.20 1 0
github.com/luk4z7/taskmanager/main.go:88.20,95.3 3 0
github.com/luk4z7/taskmanager/main.go:97.2,99.12 3 0
github.com/luk4z7/taskmanager/main.go:99.12,103.3 3 0
github.com/luk4z7/taskmanager/main.go:106.2,106.33 1 0
github.com/luk4z7/taskmanager/main.go:106.33,107.13 1 0
